[2020-06-25 19:03:09.793] [exthost] [info] extension host started
[2020-06-25 19:03:09.832] [exthost] [info] ExtensionService#_doActivateExtension vscode.debug-auto-launch {"startup":true,"extensionId":{"value":"vscode.debug-auto-launch","_lower":"vscode.debug-auto-launch"},"activationEvent":"*"}
[2020-06-25 19:03:09.832] [exthost] [info] ExtensionService#loadCommonJSModule file:///snap/code/35/usr/share/code/resources/app/extensions/debug-auto-launch/dist/extension
[2020-06-25 19:03:09.916] [exthost] [info] ExtensionService#_doActivateExtension vscode.emmet {"startup":true,"extensionId":{"value":"vscode.emmet","_lower":"vscode.emmet"},"activationEvent":"*"}
[2020-06-25 19:03:09.916] [exthost] [info] ExtensionService#loadCommonJSModule file:///snap/code/35/usr/share/code/resources/app/extensions/emmet/dist/extension
[2020-06-25 19:03:10.079] [exthost] [info] ExtensionService#_doActivateExtension vscode.git {"startup":true,"extensionId":{"value":"GitHub.vscode-pull-request-github","_lower":"github.vscode-pull-request-github"},"activationEvent":"*"}
[2020-06-25 19:03:10.079] [exthost] [info] ExtensionService#loadCommonJSModule file:///snap/code/35/usr/share/code/resources/app/extensions/git/dist/main
[2020-06-25 19:03:10.273] [exthost] [info] ExtensionService#_doActivateExtension vscode.github-authentication {"startup":true,"extensionId":{"value":"GitHub.vscode-pull-request-github","_lower":"github.vscode-pull-request-github"},"activationEvent":"*"}
[2020-06-25 19:03:10.273] [exthost] [info] ExtensionService#loadCommonJSModule file:///snap/code/35/usr/share/code/resources/app/extensions/github-authentication/dist/extension.js
[2020-06-25 19:03:10.331] [exthost] [info] ExtensionService#_doActivateExtension vscode.merge-conflict {"startup":true,"extensionId":{"value":"vscode.merge-conflict","_lower":"vscode.merge-conflict"},"activationEvent":"*"}
[2020-06-25 19:03:10.331] [exthost] [info] ExtensionService#loadCommonJSModule file:///snap/code/35/usr/share/code/resources/app/extensions/merge-conflict/dist/extension
[2020-06-25 19:03:10.468] [exthost] [info] ExtensionService#_doActivateExtension vscode.microsoft-authentication {"startup":true,"extensionId":{"value":"vscode.microsoft-authentication","_lower":"vscode.microsoft-authentication"},"activationEvent":"*"}
[2020-06-25 19:03:10.468] [exthost] [info] ExtensionService#loadCommonJSModule file:///snap/code/35/usr/share/code/resources/app/extensions/microsoft-authentication/dist/extension.js
[2020-06-25 19:03:10.717] [exthost] [info] ExtensionService#_doActivateExtension vscode.search-result {"startup":true,"extensionId":{"value":"vscode.search-result","_lower":"vscode.search-result"},"activationEvent":"*"}
[2020-06-25 19:03:10.719] [exthost] [info] ExtensionService#loadCommonJSModule file:///snap/code/35/usr/share/code/resources/app/extensions/search-result/dist/extension.js
[2020-06-25 19:03:10.938] [exthost] [info] ExtensionService#_doActivateExtension donjayamanne.githistory {"startup":true,"extensionId":{"value":"donjayamanne.githistory","_lower":"donjayamanne.githistory"},"activationEvent":"*"}
[2020-06-25 19:03:10.938] [exthost] [info] ExtensionService#loadCommonJSModule file:///root/.vscode/extensions/donjayamanne.githistory-0.6.5/dist/src/extension
[2020-06-25 19:03:11.147] [exthost] [info] ExtensionService#_doActivateExtension eamodio.gitlens {"startup":true,"extensionId":{"value":"eamodio.gitlens","_lower":"eamodio.gitlens"},"activationEvent":"*"}
[2020-06-25 19:03:11.147] [exthost] [info] ExtensionService#loadCommonJSModule file:///root/.vscode/extensions/eamodio.gitlens-10.2.2/dist/extension
[2020-06-25 19:03:11.266] [exthost] [info] ExtensionService#_doActivateExtension ms-azuretools.vscode-docker {"startup":false,"extensionId":{"value":"ms-azuretools.vscode-docker","_lower":"ms-azuretools.vscode-docker"},"activationEvent":"onLanguage:dockerfile"}
[2020-06-25 19:03:11.266] [exthost] [info] ExtensionService#loadCommonJSModule file:///root/.vscode/extensions/ms-azuretools.vscode-docker-1.3.1/main
[2020-06-25 19:03:12.485] [exthost] [info] ExtensionService#_doActivateExtension vscode.github {"startup":true,"extensionId":{"value":"vscode.github","_lower":"vscode.github"},"activationEvent":"*"}
[2020-06-25 19:03:12.485] [exthost] [info] ExtensionService#loadCommonJSModule file:///snap/code/35/usr/share/code/resources/app/extensions/github/dist/extension.js
[2020-06-25 19:03:12.531] [exthost] [info] ExtensionService#_doActivateExtension GitHub.vscode-pull-request-github {"startup":true,"extensionId":{"value":"GitHub.vscode-pull-request-github","_lower":"github.vscode-pull-request-github"},"activationEvent":"*"}
[2020-06-25 19:03:12.531] [exthost] [info] ExtensionService#loadCommonJSModule file:///root/.vscode/extensions/github.vscode-pull-request-github-0.17.0/media/extension
[2020-06-25 19:03:24.783] [exthost] [info] ExtensionService#_doActivateExtension vscode.configuration-editing {"startup":false,"extensionId":{"value":"vscode.configuration-editing","_lower":"vscode.configuration-editing"},"activationEvent":"onLanguage:json"}
[2020-06-25 19:03:24.783] [exthost] [info] ExtensionService#loadCommonJSModule file:///snap/code/35/usr/share/code/resources/app/extensions/configuration-editing/dist/extension
[2020-06-25 19:03:24.807] [exthost] [info] ExtensionService#_doActivateExtension vscode.extension-editing {"startup":false,"extensionId":{"value":"vscode.extension-editing","_lower":"vscode.extension-editing"},"activationEvent":"onLanguage:json"}
[2020-06-25 19:03:24.808] [exthost] [info] ExtensionService#loadCommonJSModule file:///snap/code/35/usr/share/code/resources/app/extensions/extension-editing/dist/extension
[2020-06-25 19:03:24.853] [exthost] [info] ExtensionService#_doActivateExtension vscode.json-language-features {"startup":false,"extensionId":{"value":"vscode.json-language-features","_lower":"vscode.json-language-features"},"activationEvent":"onLanguage:json"}
[2020-06-25 19:03:24.853] [exthost] [info] ExtensionService#loadCommonJSModule file:///snap/code/35/usr/share/code/resources/app/extensions/json-language-features/client/dist/jsonMain
[2020-06-25 19:03:24.924] [exthost] [info] ExtensionService#_doActivateExtension ms-vscode.js-debug {"startup":false,"extensionId":{"value":"ms-vscode.js-debug","_lower":"ms-vscode.js-debug"},"activationEvent":"onLanguage:json"}
[2020-06-25 19:03:24.924] [exthost] [info] ExtensionService#loadCommonJSModule file:///snap/code/35/usr/share/code/resources/app/extensions/ms-vscode.js-debug/src/extension.js
[2020-06-25 19:03:25.318] [exthost] [info] ExtensionService#_doActivateExtension vscode.npm {"startup":false,"extensionId":{"value":"vscode.npm","_lower":"vscode.npm"},"activationEvent":"onLanguage:json"}
[2020-06-25 19:03:25.318] [exthost] [info] ExtensionService#loadCommonJSModule file:///snap/code/35/usr/share/code/resources/app/extensions/npm/dist/main
[2020-06-25 19:03:25.671] [exthost] [info] ExtensionService#_doActivateExtension vscode.typescript-language-features {"startup":false,"extensionId":{"value":"vscode.typescript-language-features","_lower":"vscode.typescript-language-features"},"activationEvent":"onLanguage:jsonc"}
[2020-06-25 19:03:25.671] [exthost] [info] ExtensionService#loadCommonJSModule file:///snap/code/35/usr/share/code/resources/app/extensions/typescript-language-features/dist/extension
[2020-06-25 19:08:35.543] [exthost] [error] [vscode.typescript-language-features] provider FAILED
[2020-06-25 19:08:35.544] [exthost] [error] Error: <syntax> TypeScript Server Error (3.9.4)
Debug Failure. False expression: Expected line to be non-zero
Error: Debug Failure. False expression: Expected line to be non-zero
    at failIfInvalidLocation (/snap/code/35/usr/share/code/resources/app/extensions/node_modules/typescript/lib/tsserver.js:142416:22)
    at ScriptInfo.positionToLineOffset (/snap/code/35/usr/share/code/resources/app/extensions/node_modules/typescript/lib/tsserver.js:142389:17)
    at toProtocolTextSpan (/snap/code/35/usr/share/code/resources/app/extensions/node_modules/typescript/lib/tsserver.js:149600:35)
    at /snap/code/35/usr/share/code/resources/app/extensions/node_modules/typescript/lib/tsserver.js:149130:68
    at Array.map (<anonymous>)
    at IOSession.Session.toLocationNavigationTree (/snap/code/35/usr/share/code/resources/app/extensions/node_modules/typescript/lib/tsserver.js:149130:39)
    at IOSession.Session.getNavigationTree (/snap/code/35/usr/share/code/resources/app/extensions/node_modules/typescript/lib/tsserver.js:149141:32)
    at Session.handlers.ts.createMapFromTemplate._a.<computed> (/snap/code/35/usr/share/code/resources/app/extensions/node_modules/typescript/lib/tsserver.js:147984:61)
    at /snap/code/35/usr/share/code/resources/app/extensions/node_modules/typescript/lib/tsserver.js:149526:88
    at IOSession.Session.executeWithRequestId (/snap/code/35/usr/share/code/resources/app/extensions/node_modules/typescript/lib/tsserver.js:149517:28)
    at IOSession.Session.executeCommand (/snap/code/35/usr/share/code/resources/app/extensions/node_modules/typescript/lib/tsserver.js:149526:33)
    at IOSession.Session.onMessage (/snap/code/35/usr/share/code/resources/app/extensions/node_modules/typescript/lib/tsserver.js:149550:35)
    at Interface.<anonymous> (/snap/code/35/usr/share/code/resources/app/extensions/node_modules/typescript/lib/tsserver.js:150866:27)
    at Interface.emit (events.js:203:13)
    at Interface._onLine (readline.js:316:10)
    at Interface._normalWrite (readline.js:461:12)
    at Socket.ondata (readline.js:172:10)
    at Socket.emit (events.js:203:13)
    at addChunk (_stream_readable.js:295:12)
    at readableAddChunk (_stream_readable.js:276:11)
    at Socket.Readable.push (_stream_readable.js:210:10)
    at Pipe.onStreamRead (internal/stream_base_commons.js:166:17)
	at Function.create (/snap/code/35/usr/share/code/resources/app/extensions/typescript-language-features/dist/extension.js:1:54700)
	at e.dispatchResponse (/snap/code/35/usr/share/code/resources/app/extensions/typescript-language-features/dist/extension.js:1:226420)
	at e.dispatchMessage (/snap/code/35/usr/share/code/resources/app/extensions/typescript-language-features/dist/extension.js:1:225338)
	at /snap/code/35/usr/share/code/resources/app/extensions/typescript-language-features/dist/extension.js:1:224814
	at e.fire (/snap/code/35/usr/share/code/resources/app/out/vs/workbench/services/extensions/node/extensionHostProcess.js:46:242)
	at t.Reader.onLengthData (/snap/code/35/usr/share/code/resources/app/extensions/typescript-language-features/dist/extension.js:1:233476)
	at Socket.<anonymous> (/snap/code/35/usr/share/code/resources/app/extensions/typescript-language-features/dist/extension.js:1:233124)
	at Socket.emit (events.js:203:13)
	at addChunk (_stream_readable.js:295:12)
	at readableAddChunk (_stream_readable.js:276:11)
	at Socket.Readable.push (_stream_readable.js:210:10)
	at Pipe.onStreamRead (internal/stream_base_commons.js:166:17)
